Change Component Footprint: Designator=D1 Old Footprint=DIOM7959X265N New Footprint=DIOM5127X229N
Change Component Footprint: Designator=D2 Old Footprint=DIOM7959X265N New Footprint=DIOM5127X229N
Change Component Comment : Designator=D1 Old Comment=SS34 New Comment=SMAJ12A
Change Component Comment : Designator=D2 Old Comment=SS34 New Comment=SMAJ12A
Change component parameters: Designator = "D1" ("D1"); Footprint = "DIOM7959X265N"; UniqueID = "\TYPGNCNE" ("\TYPGNCNE")
Change component parameters (AddParameter): Name = "Author"; Value = "CERN DEM JLC"; VariantName = "[No Variations]"
Change component parameters (AddParameter): Name = "Bonding"; Value = "No"; VariantName = "[No Variations]"
Change component parameters (AddParameter): Name = "Case"; Value = "DO-214AC"; VariantName = "[No Variations]"
Change component parameters (AddParameter): Name = "Component Type"; Value = "Standard"; VariantName = "[No Variations]"
Change component parameters (AddParameter): Name = "ComponentHeight"; Value = "2.29mm"; VariantName = "[No Variations]"
Change component parameters (AddParameter): Name = "CreateDate"; Value = "11/17/2008"; VariantName = "[No Variations]"
Change component parameters (AddParameter): Name = "Device"; Value = "SMAJ12A"; VariantName = "[No Variations]"
Change component parameters (AddParameter): Name = "HelpURL"; Value = "\\cern.ch\dfs\Applications\Altium\Datasheets\SMAJ12A.pdf"; VariantName = "[No Variations]"
Change component parameters (AddParameter): Name = "LatestRevisionDate"; Value = "11/17/2008"; VariantName = "[No Variations]"
Change component parameters (AddParameter): Name = "Manufacturer"; Value = "VISHAY GENERAL SEMICONDUCTOR"; VariantName = "[No Variations]"
Change component parameters (AddParameter): Name = "Manufacturer Part Number"; Value = "SMAJ12A"; VariantName = "[No Variations]"
Change component parameters (AddParameter): Name = "Mounted"; Value = "Yes"; VariantName = "[No Variations]"
Change component parameters (AddParameter): Name = "PackageDescription"; Value = "DO-214-AC Molded Diode, 2-Leads, Body 5.1x2.7mm, IPC Medium Density"; VariantName = "[No Variations]"
Change component parameters (AddParameter): Name = "Part Description"; Value = "Surface Mount TRANSZORB® Uni-directional Transient Voltage Suppressors"; VariantName = "[No Variations]"
Change component parameters (AddParameter): Name = "Part Number"; Value = "SMAJ12A"; VariantName = "[No Variations]"
Change component parameters (AddParameter): Name = "Pin Count"; Value = "2"; VariantName = "[No Variations]"
Change component parameters (AddParameter): Name = "Power"; Value = "20.1A"; VariantName = "[No Variations]"
Change component parameters (AddParameter): Name = "PressFit"; Value = "No"; VariantName = "[No Variations]"
Change component parameters (AddParameter): Name = "Sense"; Value = "No"; VariantName = "[No Variations]"
Change component parameters (AddParameter): Name = "SMD"; Value = "Yes"; VariantName = "[No Variations]"
Change component parameters (AddParameter): Name = "Socket"; Value = "No"; VariantName = "[No Variations]"
Change component parameters (AddParameter): Name = "Voltage"; Value = "12V"; VariantName = "[No Variations]"
Change component parameters: Designator = "D2" ("D2"); Footprint = "DIOM7959X265N"; UniqueID = "\DEZTZTGW" ("\DEZTZTGW")
Change component parameters (AddParameter): Name = "Author"; Value = "CERN DEM JLC"; VariantName = "[No Variations]"
Change component parameters (AddParameter): Name = "Bonding"; Value = "No"; VariantName = "[No Variations]"
Change component parameters (AddParameter): Name = "Case"; Value = "DO-214AC"; VariantName = "[No Variations]"
Change component parameters (AddParameter): Name = "Component Type"; Value = "Standard"; VariantName = "[No Variations]"
Change component parameters (AddParameter): Name = "ComponentHeight"; Value = "2.29mm"; VariantName = "[No Variations]"
Change component parameters (AddParameter): Name = "CreateDate"; Value = "11/17/2008"; VariantName = "[No Variations]"
Change component parameters (AddParameter): Name = "Device"; Value = "SMAJ12A"; VariantName = "[No Variations]"
Change component parameters (AddParameter): Name = "HelpURL"; Value = "\\cern.ch\dfs\Applications\Altium\Datasheets\SMAJ12A.pdf"; VariantName = "[No Variations]"
Change component parameters (AddParameter): Name = "LatestRevisionDate"; Value = "11/17/2008"; VariantName = "[No Variations]"
Change component parameters (AddParameter): Name = "Manufacturer"; Value = "VISHAY GENERAL SEMICONDUCTOR"; VariantName = "[No Variations]"
Change component parameters (AddParameter): Name = "Manufacturer Part Number"; Value = "SMAJ12A"; VariantName = "[No Variations]"
Change component parameters (AddParameter): Name = "Mounted"; Value = "Yes"; VariantName = "[No Variations]"
Change component parameters (AddParameter): Name = "PackageDescription"; Value = "DO-214-AC Molded Diode, 2-Leads, Body 5.1x2.7mm, IPC Medium Density"; VariantName = "[No Variations]"
Change component parameters (AddParameter): Name = "Part Description"; Value = "Surface Mount TRANSZORB® Uni-directional Transient Voltage Suppressors"; VariantName = "[No Variations]"
Change component parameters (AddParameter): Name = "Part Number"; Value = "SMAJ12A"; VariantName = "[No Variations]"
Change component parameters (AddParameter): Name = "Pin Count"; Value = "2"; VariantName = "[No Variations]"
Change component parameters (AddParameter): Name = "Power"; Value = "20.1A"; VariantName = "[No Variations]"
Change component parameters (AddParameter): Name = "PressFit"; Value = "No"; VariantName = "[No Variations]"
Change component parameters (AddParameter): Name = "Sense"; Value = "No"; VariantName = "[No Variations]"
Change component parameters (AddParameter): Name = "SMD"; Value = "Yes"; VariantName = "[No Variations]"
Change component parameters (AddParameter): Name = "Socket"; Value = "No"; VariantName = "[No Variations]"
Change component parameters (AddParameter): Name = "Voltage"; Value = "12V"; VariantName = "[No Variations]"
Added Room: Name=Main
