Change Component Designator: OldDesignator=C? NewDesignator=C1
Change Component Designator: OldDesignator=C? NewDesignator=C2
Change Component Designator: OldDesignator=C? NewDesignator=C3
Change Component Designator: OldDesignator=C? NewDesignator=C4
Change Component Designator: OldDesignator=C? NewDesignator=C5
Change Component Designator: OldDesignator=C? NewDesignator=C6
Change Component Designator: OldDesignator=C? NewDesignator=C7
Change Component Designator: OldDesignator=C? NewDesignator=C8
Change Component Designator: OldDesignator=C? NewDesignator=C10
Change Component Designator: OldDesignator=C? NewDesignator=C11
Change Component Designator: OldDesignator=C? NewDesignator=C12
Change Component Designator: OldDesignator=C? NewDesignator=C13
Change Component Designator: OldDesignator=D? NewDesignator=D1
Change Component Designator: OldDesignator=D? NewDesignator=D2
Change Component Designator: OldDesignator=D? NewDesignator=D3
Change Component Designator: OldDesignator=FB? NewDesignator=FB1
Change Component Designator: OldDesignator=IC? NewDesignator=IC1
Change Component Designator: OldDesignator=J? NewDesignator=J1
Change Component Designator: OldDesignator=J? NewDesignator=J2
Change Component Designator: OldDesignator=J? NewDesignator=J3
Change Component Designator: OldDesignator=J? NewDesignator=J4
Change Component Designator: OldDesignator=L? NewDesignator=L1
Change Component Designator: OldDesignator=LD? NewDesignator=LD1
Change Component Designator: OldDesignator=P? NewDesignator=P1
Change Component Designator: OldDesignator=P? NewDesignator=P2
Change Component Designator: OldDesignator=P? NewDesignator=P3
Change Component Designator: OldDesignator=P? NewDesignator=P4
Change Component Designator: OldDesignator=P? NewDesignator=P5
Change Component Designator: OldDesignator=PB? NewDesignator=PB1
Change Component Designator: OldDesignator=R? NewDesignator=R1
Change Component Designator: OldDesignator=R? NewDesignator=R2
Change Component Designator: OldDesignator=R? NewDesignator=R3
Change Component Designator: OldDesignator=R? NewDesignator=R4
Change Component Designator: OldDesignator=R? NewDesignator=R5
Change Component Designator: OldDesignator=R? NewDesignator=R6
Change Component Designator: OldDesignator=R? NewDesignator=R7
Change Component Designator: OldDesignator=R? NewDesignator=R8
Change Component Designator: OldDesignator=R? NewDesignator=R9
Change Component Designator: OldDesignator=R? NewDesignator=R10
Change Component Designator: OldDesignator=R? NewDesignator=R11
Change Component Designator: OldDesignator=R? NewDesignator=R12
Change Component Designator: OldDesignator=R? NewDesignator=R13
Change Component Designator: OldDesignator=R? NewDesignator=R14
Change Component Designator: OldDesignator=R? NewDesignator=R15
Change Component Designator: OldDesignator=R? NewDesignator=R16
Change Component Designator: OldDesignator=R? NewDesignator=R17
Change Component Designator: OldDesignator=R? NewDesignator=R18
Change Component Designator: OldDesignator=R? NewDesignator=R19
Change Component Designator: OldDesignator=T? NewDesignator=T1
Change Component Designator: OldDesignator=U? NewDesignator=U1
Change Component Designator: OldDesignator=U? NewDesignator=U2
Change Component Designator: OldDesignator=Y? NewDesignator=Y1
Added Pin To Net: NetName=NRST Pin=U2-1
Added Pin To Net: NetName=OSC_IN Pin=U2-2
Added Pin To Net: NetName=OSC_OUT Pin=U2-3
Added Pin To Net: NetName=NetPB?_3 Pin=U2-10
Added Pin To Net: NetName=MCU_DIN Pin=U2-11
Added Pin To Net: NetName=MCU_AIN Pin=U2-15
Added Pin To Net: NetName=MCU_Output_Ctrl Pin=U2-22
Added Pin To Net: NetName=MCU_SPI_SCK Pin=U2-30
Added Pin To Net: NetName=MCU_SPI_MOSI Pin=U2-33
Added Pin To Net: NetName=MCU_SPI_MISO Pin=U2-34
Added Pin To Net: NetName=I2C_SDA Pin=U2-38
Added Pin To Net: NetName=I2C_SCL Pin=U2-39
Added Pin To Net: NetName=MCU_LCD_CS Pin=U2-44
Added Pin To Net: NetName=MCU_LCD_WR Pin=U2-45
Added Pin To Net: NetName=MCU_LCD_DATA Pin=U2-46
Change Net Name : Old Net Name=NetC?_2 New Net Name=NetC11_2
Change Net Name : Old Net Name=NetD?_1 New Net Name=NetD2_1
Change Net Name : Old Net Name=NetJ?_1 New Net Name=NetJ3_1
Change Net Name : Old Net Name=NetLD?_2 New Net Name=NetLD1_2
Change Net Name : Old Net Name=NetP?_1 New Net Name=NetP3_1
Change Net Name : Old Net Name=NetP?_2 New Net Name=NetP3_2
Change Net Name : Old Net Name=NetP?_3 New Net Name=NetP3_3
Change Net Name : Old Net Name=NetP?_4 New Net Name=NetP1_4
Change Net Name : Old Net Name=NetP?_5 New Net Name=NetP3_5
Change Net Name : Old Net Name=NetP?_6 New Net Name=NetP3_6
Change Net Name : Old Net Name=NetPB?_3 New Net Name=NetPB1_3
Change Net Name : Old Net Name=NetR?_1 New Net Name=NetR18_1
Added Pin To Net: NetName=NetC10_2 Pin=C10-2
Added Pin To Net: NetName=NetC10_2 Pin=R7-2
Added Pin To Net: NetName=NetC10_2 Pin=Y1-1
Added Net: Name=NetC10_2
Added Pin To Net: NetName=NetD1_1 Pin=D1-1
Added Pin To Net: NetName=NetD1_1 Pin=IC1-1
Added Net: Name=NetD1_1
Added Pin To Net: NetName=NetD3_1 Pin=D3-1
Added Pin To Net: NetName=NetD3_1 Pin=R5-1
Added Net: Name=NetD3_1
Added Pin To Net: NetName=NetP1_2 Pin=P1-2
Added Pin To Net: NetName=NetP1_2 Pin=R2-2
Added Net: Name=NetP1_2
Added Pin To Net: NetName=NetP3_4 Pin=P3-4
Added Pin To Net: NetName=NetP3_4 Pin=R14-1
Added Net: Name=NetP3_4
Added Pin To Net: NetName=NetR10_2 Pin=R10-2
Added Pin To Net: NetName=NetR10_2 Pin=U2-47
Added Net: Name=NetR10_2
Added Member To Class: ClassName=Main Member=Component C1 100nF
Added Member To Class: ClassName=Main Member=Component C2 1uF
Added Member To Class: ClassName=Main Member=Component C3 100nF
Added Member To Class: ClassName=Main Member=Component C4 100nF
Added Member To Class: ClassName=Main Member=Component C5 100nF
Added Member To Class: ClassName=Main Member=Component C6 680nF
Added Member To Class: ClassName=Main Member=Component C7 220uF 50v
Added Member To Class: ClassName=Main Member=Component C10 20pF
Added Member To Class: ClassName=Main Member=Component C11 20pF
Added Member To Class: ClassName=Main Member=Component C12 10nF
Added Member To Class: ClassName=Main Member=Component C13 10nF
Added Member To Class: ClassName=Main Member=Component D1 SS34
Added Member To Class: ClassName=Main Member=Component D2 SS34
Added Member To Class: ClassName=Main Member=Component J1
Added Member To Class: ClassName=Main Member=Component J3
Added Member To Class: ClassName=Main Member=Component J4
Added Member To Class: ClassName=Main Member=Component P1 Header 4
Added Member To Class: ClassName=Main Member=Component P2 Header 18
Added Member To Class: ClassName=Main Member=Component P3 Header 6
Added Member To Class: ClassName=Main Member=Component P4 Header 4
Added Member To Class: ClassName=Main Member=Component R1 4.7k
Added Member To Class: ClassName=Main Member=Component R2 47R
Added Member To Class: ClassName=Main Member=Component R3 47R
Added Member To Class: ClassName=Main Member=Component R4 8.6k
Added Member To Class: ClassName=Main Member=Component R5 1k
Added Member To Class: ClassName=Main Member=Component R6 10k
Added Member To Class: ClassName=Main Member=Component R7 0R
Added Member To Class: ClassName=Main Member=Component R8 0R
Added Member To Class: ClassName=Main Member=Component R9 10k
Added Member To Class: ClassName=Main Member=Component R10 0R
Added Member To Class: ClassName=Main Member=Component R11 0R
Added Member To Class: ClassName=Main Member=Component R12 0R
Added Member To Class: ClassName=Main Member=Component R13 0R
Added Member To Class: ClassName=Main Member=Component R14 0R
Added Member To Class: ClassName=Main Member=Component R15 0R
Added Member To Class: ClassName=Main Member=Component R16 0R
Added Member To Class: ClassName=Main Member=Component R17 4.7k
Added Member To Class: ClassName=Main Member=Component R18 4.7k
Added Member To Class: ClassName=Main Member=Component U2 STM8S005C6T6
Added Room: Name=Main
