Change Component Designator: OldDesignator=C13 NewDesignator=C14
Change Component Designator: OldDesignator=LD2 NewDesignator=LD3
Change Component Designator: OldDesignator=LD3 NewDesignator=LD5
Change Component Designator: OldDesignator=R12 NewDesignator=R15
Change Component Designator: OldDesignator=R13 NewDesignator=R16
Change Component Designator: OldDesignator=R14 NewDesignator=R17
Change Component Designator: OldDesignator=R15 NewDesignator=R18
Change Component Designator: OldDesignator=R16 NewDesignator=R19
Change Component Designator: OldDesignator=R17 NewDesignator=R20
Change Component Designator: OldDesignator=R18 NewDesignator=R21
Change Component Designator: OldDesignator=R19 NewDesignator=R22
Change Component Designator: OldDesignator=R20 NewDesignator=R23
Change Component Designator: OldDesignator=R21 NewDesignator=R24
Change Component Designator: OldDesignator=T1 NewDesignator=T2
Added Component: Designator=C13(C 0805(2012)x0.65)
Add component (AddParameter): Name = "ComponentLink1Description"; Value = "Datasheet Link"; VariantName = "[No Variations]"
Add component (AddParameter): Name = "ComponentLink1URL"; Value = "https://store.comet.bg/download-file.php?id=11"; VariantName = "[No Variations]"
Add component (AddParameter): Name = "ESR Ohm"; Value = ""; VariantName = "[No Variations]"
Add component (AddParameter): Name = "Manufacturer"; Value = "Samsung"; VariantName = "[No Variations]"
Add component (AddParameter): Name = "Manufacturer Alternate"; Value = ""; VariantName = "[No Variations]"
Add component (AddParameter): Name = "Mount Type"; Value = "SMT"; VariantName = "[No Variations]"
Add component (AddParameter): Name = "Package"; Value = "0805"; VariantName = "[No Variations]"
Add component (AddParameter): Name = "Package-mm"; Value = "2012"; VariantName = "[No Variations]"
Add component (AddParameter): Name = "Part Number"; Value = "CL21B105KBFNNNE"; VariantName = "[No Variations]"
Add component (AddParameter): Name = "Part Number Alternate"; Value = ""; VariantName = "[No Variations]"
Add component (AddParameter): Name = "Price"; Value = "0.17"; VariantName = "[No Variations]"
Add component (AddParameter): Name = "Published"; Value = "07.04.2019"; VariantName = "[No Variations]"
Add component (AddParameter): Name = "Publisher"; Value = "Hefest"; VariantName = "[No Variations]"
Add component (AddParameter): Name = "RoHS"; Value = "Y"; VariantName = "[No Variations]"
Add component (AddParameter): Name = "Supplier 1"; Value = "Comet"; VariantName = "[No Variations]"
Add component (AddParameter): Name = "Supplier Part Number 1"; Value = "C0805 1.0uF 50V X7R SAMSUNG"; VariantName = "[No Variations]"
Add component (AddParameter): Name = "Technology"; Value = "Ceramic  MLCC"; VariantName = "[No Variations]"
Add component (AddParameter): Name = "TempCo"; Value = "X7R"; VariantName = "[No Variations]"
Add component (AddParameter): Name = "Temperature Range"; Value = "-55°C ~ +125°C"; VariantName = "[No Variations]"
Add component (AddParameter): Name = "Tolerance %"; Value = "±10%"; VariantName = "[No Variations]"
Add component (AddParameter): Name = "TYPE"; Value = "Capacitors"; VariantName = "[No Variations]"
Add component (AddParameter): Name = "VAC"; Value = ""; VariantName = "[No Variations]"
Add component (AddParameter): Name = "Value"; Value = "1uF"; VariantName = "[No Variations]"
Add component (AddParameter): Name = "VDC"; Value = "50V"; VariantName = "[No Variations]"
Added Component: Designator=LD2(LEDM3528X210N_YELLOW)
Add component (AddParameter): Name = "Author"; Value = "CERN DEM JLC"; VariantName = "[No Variations]"
Add component (AddParameter): Name = "Bonding"; Value = "No"; VariantName = "[No Variations]"
Add component (AddParameter): Name = "Color"; Value = "Yellow"; VariantName = "[No Variations]"
Add component (AddParameter): Name = "Component Type"; Value = "Standard"; VariantName = "[No Variations]"
Add component (AddParameter): Name = "ComponentHeight"; Value = "1.2mm"; VariantName = "[No Variations]"
Add component (AddParameter): Name = "CreateDate"; Value = "5/14/2008"; VariantName = "[No Variations]"
Add component (AddParameter): Name = "HelpURL"; Value = "\\cern.ch\dfs\Applications\Altium\Datasheets\LED_OSRAM_LYT676-R1S2-26.pdf"; VariantName = "[No Variations]"
Add component (AddParameter): Name = "LatestRevisionDate"; Value = "3/17/2010"; VariantName = "[No Variations]"
Add component (AddParameter): Name = "Manufacturer"; Value = "OSRAM"; VariantName = "[No Variations]"
Add component (AddParameter): Name = "Manufacturer Part Number"; Value = "LY T676-R1S2-26"; VariantName = "[No Variations]"
Add component (AddParameter): Name = "Mounted"; Value = "Yes"; VariantName = "[No Variations]"
Add component (AddParameter): Name = "PackageDescription"; Value = "Molded LED, 2-Leads, Body 3.5x2.8mm, IPC Medium Density PCB Edge Mounting"; VariantName = "[No Variations]"
Add component (AddParameter): Name = "Part Description"; Value = "Hyper TOPLED® SMD Yellow LED"; VariantName = "[No Variations]"
Add component (AddParameter): Name = "Part Number"; Value = "LED_OSRAM_LYT676-R1S2-26"; VariantName = "[No Variations]"
Add component (AddParameter): Name = "Pin Count"; Value = "2"; VariantName = "[No Variations]"
Add component (AddParameter): Name = "PressFit"; Value = "No"; VariantName = "[No Variations]"
Add component (AddParameter): Name = "Sense"; Value = "No"; VariantName = "[No Variations]"
Add component (AddParameter): Name = "SMD"; Value = "Yes"; VariantName = "[No Variations]"
Add component (AddParameter): Name = "Socket"; Value = "No"; VariantName = "[No Variations]"
Added Component: Designator=LD4(LEDM3528X210N_YELLOW)
Add component (AddParameter): Name = "Author"; Value = "CERN DEM JLC"; VariantName = "[No Variations]"
Add component (AddParameter): Name = "Bonding"; Value = "No"; VariantName = "[No Variations]"
Add component (AddParameter): Name = "Color"; Value = "Yellow"; VariantName = "[No Variations]"
Add component (AddParameter): Name = "Component Type"; Value = "Standard"; VariantName = "[No Variations]"
Add component (AddParameter): Name = "ComponentHeight"; Value = "1.2mm"; VariantName = "[No Variations]"
Add component (AddParameter): Name = "CreateDate"; Value = "5/14/2008"; VariantName = "[No Variations]"
Add component (AddParameter): Name = "HelpURL"; Value = "\\cern.ch\dfs\Applications\Altium\Datasheets\LED_OSRAM_LYT676-R1S2-26.pdf"; VariantName = "[No Variations]"
Add component (AddParameter): Name = "LatestRevisionDate"; Value = "3/17/2010"; VariantName = "[No Variations]"
Add component (AddParameter): Name = "Manufacturer"; Value = "OSRAM"; VariantName = "[No Variations]"
Add component (AddParameter): Name = "Manufacturer Part Number"; Value = "LY T676-R1S2-26"; VariantName = "[No Variations]"
Add component (AddParameter): Name = "Mounted"; Value = "Yes"; VariantName = "[No Variations]"
Add component (AddParameter): Name = "PackageDescription"; Value = "Molded LED, 2-Leads, Body 3.5x2.8mm, IPC Medium Density PCB Edge Mounting"; VariantName = "[No Variations]"
Add component (AddParameter): Name = "Part Description"; Value = "Hyper TOPLED® SMD Yellow LED"; VariantName = "[No Variations]"
Add component (AddParameter): Name = "Part Number"; Value = "LED_OSRAM_LYT676-R1S2-26"; VariantName = "[No Variations]"
Add component (AddParameter): Name = "Pin Count"; Value = "2"; VariantName = "[No Variations]"
Add component (AddParameter): Name = "PressFit"; Value = "No"; VariantName = "[No Variations]"
Add component (AddParameter): Name = "Sense"; Value = "No"; VariantName = "[No Variations]"
Add component (AddParameter): Name = "SMD"; Value = "Yes"; VariantName = "[No Variations]"
Add component (AddParameter): Name = "Socket"; Value = "No"; VariantName = "[No Variations]"
Added Component: Designator=LD6(LEDM3528X210N_YELLOW)
Add component (AddParameter): Name = "Author"; Value = "CERN DEM JLC"; VariantName = "[No Variations]"
Add component (AddParameter): Name = "Bonding"; Value = "No"; VariantName = "[No Variations]"
Add component (AddParameter): Name = "Color"; Value = "Yellow"; VariantName = "[No Variations]"
Add component (AddParameter): Name = "Component Type"; Value = "Standard"; VariantName = "[No Variations]"
Add component (AddParameter): Name = "ComponentHeight"; Value = "1.2mm"; VariantName = "[No Variations]"
Add component (AddParameter): Name = "CreateDate"; Value = "5/14/2008"; VariantName = "[No Variations]"
Add component (AddParameter): Name = "HelpURL"; Value = "\\cern.ch\dfs\Applications\Altium\Datasheets\LED_OSRAM_LYT676-R1S2-26.pdf"; VariantName = "[No Variations]"
Add component (AddParameter): Name = "LatestRevisionDate"; Value = "3/17/2010"; VariantName = "[No Variations]"
Add component (AddParameter): Name = "Manufacturer"; Value = "OSRAM"; VariantName = "[No Variations]"
Add component (AddParameter): Name = "Manufacturer Part Number"; Value = "LY T676-R1S2-26"; VariantName = "[No Variations]"
Add component (AddParameter): Name = "Mounted"; Value = "Yes"; VariantName = "[No Variations]"
Add component (AddParameter): Name = "PackageDescription"; Value = "Molded LED, 2-Leads, Body 3.5x2.8mm, IPC Medium Density PCB Edge Mounting"; VariantName = "[No Variations]"
Add component (AddParameter): Name = "Part Description"; Value = "Hyper TOPLED® SMD Yellow LED"; VariantName = "[No Variations]"
Add component (AddParameter): Name = "Part Number"; Value = "LED_OSRAM_LYT676-R1S2-26"; VariantName = "[No Variations]"
Add component (AddParameter): Name = "Pin Count"; Value = "2"; VariantName = "[No Variations]"
Add component (AddParameter): Name = "PressFit"; Value = "No"; VariantName = "[No Variations]"
Add component (AddParameter): Name = "Sense"; Value = "No"; VariantName = "[No Variations]"
Add component (AddParameter): Name = "SMD"; Value = "Yes"; VariantName = "[No Variations]"
Add component (AddParameter): Name = "Socket"; Value = "No"; VariantName = "[No Variations]"
Added Component: Designator=LD7(LEDM3528X210N_YELLOW)
Add component (AddParameter): Name = "Author"; Value = "CERN DEM JLC"; VariantName = "[No Variations]"
Add component (AddParameter): Name = "Bonding"; Value = "No"; VariantName = "[No Variations]"
Add component (AddParameter): Name = "Color"; Value = "Yellow"; VariantName = "[No Variations]"
Add component (AddParameter): Name = "Component Type"; Value = "Standard"; VariantName = "[No Variations]"
Add component (AddParameter): Name = "ComponentHeight"; Value = "1.2mm"; VariantName = "[No Variations]"
Add component (AddParameter): Name = "CreateDate"; Value = "5/14/2008"; VariantName = "[No Variations]"
Add component (AddParameter): Name = "HelpURL"; Value = "\\cern.ch\dfs\Applications\Altium\Datasheets\LED_OSRAM_LYT676-R1S2-26.pdf"; VariantName = "[No Variations]"
Add component (AddParameter): Name = "LatestRevisionDate"; Value = "3/17/2010"; VariantName = "[No Variations]"
Add component (AddParameter): Name = "Manufacturer"; Value = "OSRAM"; VariantName = "[No Variations]"
Add component (AddParameter): Name = "Manufacturer Part Number"; Value = "LY T676-R1S2-26"; VariantName = "[No Variations]"
Add component (AddParameter): Name = "Mounted"; Value = "Yes"; VariantName = "[No Variations]"
Add component (AddParameter): Name = "PackageDescription"; Value = "Molded LED, 2-Leads, Body 3.5x2.8mm, IPC Medium Density PCB Edge Mounting"; VariantName = "[No Variations]"
Add component (AddParameter): Name = "Part Description"; Value = "Hyper TOPLED® SMD Yellow LED"; VariantName = "[No Variations]"
Add component (AddParameter): Name = "Part Number"; Value = "LED_OSRAM_LYT676-R1S2-26"; VariantName = "[No Variations]"
Add component (AddParameter): Name = "Pin Count"; Value = "2"; VariantName = "[No Variations]"
Add component (AddParameter): Name = "PressFit"; Value = "No"; VariantName = "[No Variations]"
Add component (AddParameter): Name = "Sense"; Value = "No"; VariantName = "[No Variations]"
Add component (AddParameter): Name = "SMD"; Value = "Yes"; VariantName = "[No Variations]"
Add component (AddParameter): Name = "Socket"; Value = "No"; VariantName = "[No Variations]"
Added Component: Designator=LD8(LEDM3528X210N_YELLOW)
Add component (AddParameter): Name = "Author"; Value = "CERN DEM JLC"; VariantName = "[No Variations]"
Add component (AddParameter): Name = "Bonding"; Value = "No"; VariantName = "[No Variations]"
Add component (AddParameter): Name = "Color"; Value = "Yellow"; VariantName = "[No Variations]"
Add component (AddParameter): Name = "Component Type"; Value = "Standard"; VariantName = "[No Variations]"
Add component (AddParameter): Name = "ComponentHeight"; Value = "1.2mm"; VariantName = "[No Variations]"
Add component (AddParameter): Name = "CreateDate"; Value = "5/14/2008"; VariantName = "[No Variations]"
Add component (AddParameter): Name = "HelpURL"; Value = "\\cern.ch\dfs\Applications\Altium\Datasheets\LED_OSRAM_LYT676-R1S2-26.pdf"; VariantName = "[No Variations]"
Add component (AddParameter): Name = "LatestRevisionDate"; Value = "3/17/2010"; VariantName = "[No Variations]"
Add component (AddParameter): Name = "Manufacturer"; Value = "OSRAM"; VariantName = "[No Variations]"
Add component (AddParameter): Name = "Manufacturer Part Number"; Value = "LY T676-R1S2-26"; VariantName = "[No Variations]"
Add component (AddParameter): Name = "Mounted"; Value = "Yes"; VariantName = "[No Variations]"
Add component (AddParameter): Name = "PackageDescription"; Value = "Molded LED, 2-Leads, Body 3.5x2.8mm, IPC Medium Density PCB Edge Mounting"; VariantName = "[No Variations]"
Add component (AddParameter): Name = "Part Description"; Value = "Hyper TOPLED® SMD Yellow LED"; VariantName = "[No Variations]"
Add component (AddParameter): Name = "Part Number"; Value = "LED_OSRAM_LYT676-R1S2-26"; VariantName = "[No Variations]"
Add component (AddParameter): Name = "Pin Count"; Value = "2"; VariantName = "[No Variations]"
Add component (AddParameter): Name = "PressFit"; Value = "No"; VariantName = "[No Variations]"
Add component (AddParameter): Name = "Sense"; Value = "No"; VariantName = "[No Variations]"
Add component (AddParameter): Name = "SMD"; Value = "Yes"; VariantName = "[No Variations]"
Add component (AddParameter): Name = "Socket"; Value = "No"; VariantName = "[No Variations]"
Added Component: Designator=LD9(LEDM3528X210N_YELLOW)
Add component (AddParameter): Name = "Author"; Value = "CERN DEM JLC"; VariantName = "[No Variations]"
Add component (AddParameter): Name = "Bonding"; Value = "No"; VariantName = "[No Variations]"
Add component (AddParameter): Name = "Color"; Value = "Yellow"; VariantName = "[No Variations]"
Add component (AddParameter): Name = "Component Type"; Value = "Standard"; VariantName = "[No Variations]"
Add component (AddParameter): Name = "ComponentHeight"; Value = "1.2mm"; VariantName = "[No Variations]"
Add component (AddParameter): Name = "CreateDate"; Value = "5/14/2008"; VariantName = "[No Variations]"
Add component (AddParameter): Name = "HelpURL"; Value = "\\cern.ch\dfs\Applications\Altium\Datasheets\LED_OSRAM_LYT676-R1S2-26.pdf"; VariantName = "[No Variations]"
Add component (AddParameter): Name = "LatestRevisionDate"; Value = "3/17/2010"; VariantName = "[No Variations]"
Add component (AddParameter): Name = "Manufacturer"; Value = "OSRAM"; VariantName = "[No Variations]"
Add component (AddParameter): Name = "Manufacturer Part Number"; Value = "LY T676-R1S2-26"; VariantName = "[No Variations]"
Add component (AddParameter): Name = "Mounted"; Value = "Yes"; VariantName = "[No Variations]"
Add component (AddParameter): Name = "PackageDescription"; Value = "Molded LED, 2-Leads, Body 3.5x2.8mm, IPC Medium Density PCB Edge Mounting"; VariantName = "[No Variations]"
Add component (AddParameter): Name = "Part Description"; Value = "Hyper TOPLED® SMD Yellow LED"; VariantName = "[No Variations]"
Add component (AddParameter): Name = "Part Number"; Value = "LED_OSRAM_LYT676-R1S2-26"; VariantName = "[No Variations]"
Add component (AddParameter): Name = "Pin Count"; Value = "2"; VariantName = "[No Variations]"
Add component (AddParameter): Name = "PressFit"; Value = "No"; VariantName = "[No Variations]"
Add component (AddParameter): Name = "Sense"; Value = "No"; VariantName = "[No Variations]"
Add component (AddParameter): Name = "SMD"; Value = "Yes"; VariantName = "[No Variations]"
Add component (AddParameter): Name = "Socket"; Value = "No"; VariantName = "[No Variations]"
Added Component: Designator=R12(R 0805(2012))
Add component (AddParameter): Name = "ComponentLink1Description"; Value = "Datasheet Link"; VariantName = "[No Variations]"
Add component (AddParameter): Name = "ComponentLink1URL"; Value = "https://store.comet.bg/download-file.php?id=140"; VariantName = "[No Variations]"
Add component (AddParameter): Name = "Manufacturer"; Value = "YAGEO"; VariantName = "[No Variations]"
Add component (AddParameter): Name = "Manufacturer Alternate"; Value = ""; VariantName = "[No Variations]"
Add component (AddParameter): Name = "Mount Type"; Value = "SMT"; VariantName = "[No Variations]"
Add component (AddParameter): Name = "Package"; Value = "0805"; VariantName = "[No Variations]"
Add component (AddParameter): Name = "Package-mm"; Value = "2012"; VariantName = "[No Variations]"
Add component (AddParameter): Name = "Part Number"; Value = ""; VariantName = "[No Variations]"
Add component (AddParameter): Name = "Part Number Alternate"; Value = ""; VariantName = "[No Variations]"
Add component (AddParameter): Name = "Power"; Value = "0.125W"; VariantName = "[No Variations]"
Add component (AddParameter): Name = "Price"; Value = "0.029"; VariantName = "[No Variations]"
Add component (AddParameter): Name = "Published"; Value = "07.04.2019"; VariantName = "[No Variations]"
Add component (AddParameter): Name = "Publisher"; Value = "Hefest"; VariantName = "[No Variations]"
Add component (AddParameter): Name = "RoHS"; Value = "Y"; VariantName = "[No Variations]"
Add component (AddParameter): Name = "Supplier 1"; Value = "Comet"; VariantName = "[No Variations]"
Add component (AddParameter): Name = "Supplier Part Number 1"; Value = "R0805 1.0K 5% YAG"; VariantName = "[No Variations]"
Add component (AddParameter): Name = "Technology"; Value = "Thick film"; VariantName = "[No Variations]"
Add component (AddParameter): Name = "TempCo"; Value = "±100ppm/°C"; VariantName = "[No Variations]"
Add component (AddParameter): Name = "Temperature Range"; Value = "-55°C ~ +155°C"; VariantName = "[No Variations]"
Add component (AddParameter): Name = "Tolerance %"; Value = "±5%"; VariantName = "[No Variations]"
Add component (AddParameter): Name = "TYPE"; Value = "Resistor"; VariantName = "[No Variations]"
Add component (AddParameter): Name = "Value"; Value = "10k"; VariantName = "[No Variations]"
Add component (AddParameter): Name = "Value Code"; Value = "102"; VariantName = "[No Variations]"
Add component (AddParameter): Name = "VDC"; Value = "150V"; VariantName = "[No Variations]"
Added Component: Designator=R13(R 0805(2012))
Add component (AddParameter): Name = "ComponentLink1Description"; Value = "Datasheet Link"; VariantName = "[No Variations]"
Add component (AddParameter): Name = "ComponentLink1URL"; Value = "https://store.comet.bg/download-file.php?id=140"; VariantName = "[No Variations]"
Add component (AddParameter): Name = "Manufacturer"; Value = "YAGEO"; VariantName = "[No Variations]"
Add component (AddParameter): Name = "Manufacturer Alternate"; Value = ""; VariantName = "[No Variations]"
Add component (AddParameter): Name = "Mount Type"; Value = "SMT"; VariantName = "[No Variations]"
Add component (AddParameter): Name = "Package"; Value = "0805"; VariantName = "[No Variations]"
Add component (AddParameter): Name = "Package-mm"; Value = "2012"; VariantName = "[No Variations]"
Add component (AddParameter): Name = "Part Number"; Value = ""; VariantName = "[No Variations]"
Add component (AddParameter): Name = "Part Number Alternate"; Value = ""; VariantName = "[No Variations]"
Add component (AddParameter): Name = "Power"; Value = "0.125W"; VariantName = "[No Variations]"
Add component (AddParameter): Name = "Price"; Value = "0.029"; VariantName = "[No Variations]"
Add component (AddParameter): Name = "Published"; Value = "07.04.2019"; VariantName = "[No Variations]"
Add component (AddParameter): Name = "Publisher"; Value = "Hefest"; VariantName = "[No Variations]"
Add component (AddParameter): Name = "RoHS"; Value = "Y"; VariantName = "[No Variations]"
Add component (AddParameter): Name = "Supplier 1"; Value = "Comet"; VariantName = "[No Variations]"
Add component (AddParameter): Name = "Supplier Part Number 1"; Value = "R0805 1.0K 5% YAG"; VariantName = "[No Variations]"
Add component (AddParameter): Name = "Technology"; Value = "Thick film"; VariantName = "[No Variations]"
Add component (AddParameter): Name = "TempCo"; Value = "±100ppm/°C"; VariantName = "[No Variations]"
Add component (AddParameter): Name = "Temperature Range"; Value = "-55°C ~ +155°C"; VariantName = "[No Variations]"
Add component (AddParameter): Name = "Tolerance %"; Value = "±5%"; VariantName = "[No Variations]"
Add component (AddParameter): Name = "TYPE"; Value = "Resistor"; VariantName = "[No Variations]"
Add component (AddParameter): Name = "Value"; Value = "10k"; VariantName = "[No Variations]"
Add component (AddParameter): Name = "Value Code"; Value = "102"; VariantName = "[No Variations]"
Add component (AddParameter): Name = "VDC"; Value = "150V"; VariantName = "[No Variations]"
Added Component: Designator=R14(R 0805(2012))
Add component (AddParameter): Name = "ComponentLink1Description"; Value = "Datasheet Link"; VariantName = "[No Variations]"
Add component (AddParameter): Name = "ComponentLink1URL"; Value = "https://store.comet.bg/download-file.php?id=140"; VariantName = "[No Variations]"
Add component (AddParameter): Name = "Manufacturer"; Value = "YAGEO"; VariantName = "[No Variations]"
Add component (AddParameter): Name = "Manufacturer Alternate"; Value = ""; VariantName = "[No Variations]"
Add component (AddParameter): Name = "Mount Type"; Value = "SMT"; VariantName = "[No Variations]"
Add component (AddParameter): Name = "Package"; Value = "0805"; VariantName = "[No Variations]"
Add component (AddParameter): Name = "Package-mm"; Value = "2012"; VariantName = "[No Variations]"
Add component (AddParameter): Name = "Part Number"; Value = ""; VariantName = "[No Variations]"
Add component (AddParameter): Name = "Part Number Alternate"; Value = ""; VariantName = "[No Variations]"
Add component (AddParameter): Name = "Power"; Value = "0.125W"; VariantName = "[No Variations]"
Add component (AddParameter): Name = "Price"; Value = "0.029"; VariantName = "[No Variations]"
Add component (AddParameter): Name = "Published"; Value = "07.04.2019"; VariantName = "[No Variations]"
Add component (AddParameter): Name = "Publisher"; Value = "Hefest"; VariantName = "[No Variations]"
Add component (AddParameter): Name = "RoHS"; Value = "Y"; VariantName = "[No Variations]"
Add component (AddParameter): Name = "Supplier 1"; Value = "Comet"; VariantName = "[No Variations]"
Add component (AddParameter): Name = "Supplier Part Number 1"; Value = "R0805 1.0K 5% YAG"; VariantName = "[No Variations]"
Add component (AddParameter): Name = "Technology"; Value = "Thick film"; VariantName = "[No Variations]"
Add component (AddParameter): Name = "TempCo"; Value = "±100ppm/°C"; VariantName = "[No Variations]"
Add component (AddParameter): Name = "Temperature Range"; Value = "-55°C ~ +155°C"; VariantName = "[No Variations]"
Add component (AddParameter): Name = "Tolerance %"; Value = "±5%"; VariantName = "[No Variations]"
Add component (AddParameter): Name = "TYPE"; Value = "Resistor"; VariantName = "[No Variations]"
Add component (AddParameter): Name = "Value"; Value = "10k"; VariantName = "[No Variations]"
Add component (AddParameter): Name = "Value Code"; Value = "102"; VariantName = "[No Variations]"
Add component (AddParameter): Name = "VDC"; Value = "150V"; VariantName = "[No Variations]"
Added Component: Designator=T1(SOT223)
Add component (AddParameter): Name = "Complementary"; Value = "BCP53-10"; VariantName = "[No Variations]"
Add component (AddParameter): Name = "ComponentLink1Description"; Value = "Datasheet Link"; VariantName = "[No Variations]"
Add component (AddParameter): Name = "ComponentLink1URL"; Value = "https://store.comet.bg/download-file.php?id=15852"; VariantName = "[No Variations]"
Add component (AddParameter): Name = "Ft"; Value = "180MHz"; VariantName = "[No Variations]"
Add component (AddParameter): Name = "h21e"; Value = "63-160"; VariantName = "[No Variations]"
Add component (AddParameter): Name = "Ic"; Value = "1A"; VariantName = "[No Variations]"
Add component (AddParameter): Name = "Manufacturer"; Value = "ROHm"; VariantName = "[No Variations]"
Add component (AddParameter): Name = "Manufacturer Alternate"; Value = ""; VariantName = "[No Variations]"
Add component (AddParameter): Name = "Mount Type"; Value = "SMT"; VariantName = "[No Variations]"
Add component (AddParameter): Name = "Package"; Value = "SOT223"; VariantName = "[No Variations]"
Add component (AddParameter): Name = "Part Number"; Value = "BCP5610TA"; VariantName = "[No Variations]"
Add component (AddParameter): Name = "Part Number Alternate"; Value = ""; VariantName = "[No Variations]"
Add component (AddParameter): Name = "Power"; Value = "0.5W"; VariantName = "[No Variations]"
Add component (AddParameter): Name = "Price"; Value = "0.20"; VariantName = "[No Variations]"
Add component (AddParameter): Name = "Published"; Value = "28.09.2019"; VariantName = "[No Variations]"
Add component (AddParameter): Name = "Publisher"; Value = "Hefest"; VariantName = "[No Variations]"
Add component (AddParameter): Name = "RoHS"; Value = "Y"; VariantName = "[No Variations]"
Add component (AddParameter): Name = "Supplier 1"; Value = "Comet"; VariantName = "[No Variations]"
Add component (AddParameter): Name = "Supplier Part Number 1"; Value = "BCP56-10"; VariantName = "[No Variations]"
Add component (AddParameter): Name = "Technology"; Value = "npn"; VariantName = "[No Variations]"
Add component (AddParameter): Name = "TYPE"; Value = "Transistors"; VariantName = "[No Variations]"
Add component (AddParameter): Name = "Value"; Value = "BCP56-10"; VariantName = "[No Variations]"
Add component (AddParameter): Name = "Vce"; Value = "80V"; VariantName = "[No Variations]"
Added Pin To Net: NetName=GND Pin=C13-2
Added Pin To Net: NetName=+5V Pin=LD2-2
Added Pin To Net: NetName=+5V Pin=LD4-2
Added Pin To Net: NetName=+5V Pin=LD6-2
Added Pin To Net: NetName=+5V Pin=LD7-2
Added Pin To Net: NetName=+5V Pin=LD8-2
Added Pin To Net: NetName=+5V Pin=LD9-2
Added Pin To Net: NetName=GND Pin=R13-2
Added Pin To Net: NetName=GND Pin=R14-2
Change Net Name : Old Net Name=NetLD2_2 New Net Name=NetLD3_2
Change Net Name : Old Net Name=NetLD3_2 New Net Name=NetLD5_2
Change Net Name : Old Net Name=NetR12_2 New Net Name=NetR15_2
Change Net Name : Old Net Name=NetR20_1 New Net Name=NetR23_1
Added Pin To Net: NetName=MCU_LCD_Backlight Pin=R12-2
Added Net: Name=MCU_LCD_Backlight
Added Pin To Net: NetName=NetC13_1 Pin=C13-1
Added Pin To Net: NetName=NetC13_1 Pin=R12-1
Added Pin To Net: NetName=NetC13_1 Pin=R13-1
Added Pin To Net: NetName=NetC13_1 Pin=T1-1
Added Net: Name=NetC13_1
Added Pin To Net: NetName=NetLD2_1 Pin=LD2-1
Added Pin To Net: NetName=NetLD2_1 Pin=LD4-1
Added Pin To Net: NetName=NetLD2_1 Pin=LD6-1
Added Pin To Net: NetName=NetLD2_1 Pin=LD7-1
Added Pin To Net: NetName=NetLD2_1 Pin=LD8-1
Added Pin To Net: NetName=NetLD2_1 Pin=LD9-1
Added Pin To Net: NetName=NetLD2_1 Pin=T1-2
Added Pin To Net: NetName=NetLD2_1 Pin=T1-2
Added Net: Name=NetLD2_1
Added Pin To Net: NetName=NetR14_1 Pin=R14-1
Added Pin To Net: NetName=NetR14_1 Pin=T1-3
Added Net: Name=NetR14_1
Added Member To Class: ClassName=Main Member=Component C8 *
Added Member To Class: ClassName=Main Member=Component C14 10nF
Added Member To Class: ClassName=Main Member=Component J3
Added Member To Class: ClassName=Main Member=Component J4
Added Member To Class: ClassName=Main Member=Component LD3 Red
Added Member To Class: ClassName=Main Member=Component LD4 Yellow
Added Member To Class: ClassName=Main Member=Component LD5 Red
Added Member To Class: ClassName=Main Member=Component LD6 Yellow
Added Member To Class: ClassName=Main Member=Component LD7 Yellow
Added Member To Class: ClassName=Main Member=Component LD8 Yellow
Added Member To Class: ClassName=Main Member=Component LD9 Yellow
Added Member To Class: ClassName=Main Member=Component R9 8.6k
Added Member To Class: ClassName=Main Member=Component R10 10k
Added Member To Class: ClassName=Main Member=Component R11 8.6k
Added Member To Class: ClassName=Main Member=Component R13 10k
Added Member To Class: ClassName=Main Member=Component R14 10k
Added Member To Class: ClassName=Main Member=Component R16 0R
Added Member To Class: ClassName=Main Member=Component R17 0R
Added Member To Class: ClassName=Main Member=Component R18 0R
Added Member To Class: ClassName=Main Member=Component R19 0R
Added Member To Class: ClassName=Main Member=Component R22 4.7k
Added Member To Class: ClassName=Main Member=Component R23 4.7k
Added Member To Class: ClassName=Main Member=Component R24 0R
Added Member To Class: ClassName=Main Member=Component T2 BC817
Added Room: Name=Main
