Change Component Designator: Old Designator=C13 New Designator=C14
Change Component Designator: Old Designator=C? New Designator=C13
Change Component Designator: Old Designator=LD2 New Designator=LD3
Change Component Designator: Old Designator=LD3 New Designator=LD5
Change Component Designator: Old Designator=LD? New Designator=LD2
Change Component Designator: Old Designator=LD? New Designator=LD4
Change Component Designator: Old Designator=LD? New Designator=LD6
Change Component Designator: Old Designator=LD? New Designator=LD7
Change Component Designator: Old Designator=LD? New Designator=LD8
Change Component Designator: Old Designator=LD? New Designator=LD9
Change Component Designator: Old Designator=R12 New Designator=R15
Change Component Designator: Old Designator=R13 New Designator=R16
Change Component Designator: Old Designator=R14 New Designator=R17
Change Component Designator: Old Designator=R15 New Designator=R18
Change Component Designator: Old Designator=R16 New Designator=R19
Change Component Designator: Old Designator=R17 New Designator=R20
Change Component Designator: Old Designator=R18 New Designator=R21
Change Component Designator: Old Designator=R19 New Designator=R22
Change Component Designator: Old Designator=R20 New Designator=R23
Change Component Designator: Old Designator=R21 New Designator=R24
Change Component Designator: Old Designator=R? New Designator=R12
Change Component Designator: Old Designator=R? New Designator=R13
Change Component Designator: Old Designator=R? New Designator=R14
Change Component Designator: Old Designator=T1 New Designator=T2
Change Component Designator: Old Designator=T? New Designator=T1
